2012-05-05 08:03:28 Error: [LogicException] Message is not found. identify: addComplete
#0 /Users/airhead/Documents/workspace4/tube/app/Config/bootstrap.php(136): AbstractMessage::get('addComplete', 'test')
#1 /Users/airhead/Documents/workspace4/tube/lib/Cake/Core/Configure.php(88): include('/Users/airhead/...')
#2 /Users/airhead/Documents/workspace4/tube/lib/Cake/bootstrap.php(142): Configure::bootstrap(true)
#3 /Users/airhead/Documents/workspace4/tube/app/webroot/index.php(77): include('/Users/airhead/...')
#4 {main}
2012-05-05 08:20:11 Error: [LogicException] Message is not found. identify: addComplete
#0 /Users/airhead/Documents/workspace4/tube/app/Config/bootstrap.php(136): AbstractMessage::get('addComplete', 'test')
#1 /Users/airhead/Documents/workspace4/tube/lib/Cake/Core/Configure.php(88): include('/Users/airhead/...')
#2 /Users/airhead/Documents/workspace4/tube/lib/Cake/bootstrap.php(142): Configure::bootstrap(true)
#3 /Users/airhead/Documents/workspace4/tube/app/webroot/index.php(77): include('/Users/airhead/...')
#4 {main}
2012-05-18 13:31:41 Error: [MissingViewException] View file "/Users/airhead/Documents/workspace4/tube/app/View/Groups/index.ctp" is missing.
#0 /Users/airhead/Documents/workspace4/tube/lib/Cake/View/View.php(460): View->_getViewFileName(NULL)
#1 /Users/airhead/Documents/workspace4/tube/lib/Cake/Controller/Controller.php(959): View->render(NULL, NULL)
#2 /Users/airhead/Documents/workspace4/tube/lib/Cake/Routing/Dispatcher.php(110): Controller->render()
#3 /Users/airhead/Documents/workspace4/tube/lib/Cake/Routing/Dispatcher.php(85): Dispatcher->_invoke(Object(GroupsController), Object(CakeRequest), Object(CakeResponse))
#4 /Users/airhead/Documents/workspace4/tube/app/webroot/index.php(92): Dispatcher->dispatch(Object(CakeRequest), Object(CakeResponse))
#5 {main}
2012-05-18 14:01:45 Error: [MissingPluginException] Plugin AclExtras could not be found.
#0 /Users/airhead/Documents/workspace4/tube/app/Config/bootstrap.php(136): CakePlugin::load('AclExtras')
#1 /Users/airhead/Documents/workspace4/tube/lib/Cake/Core/Configure.php(88): include('/Users/airhead/...')
#2 /Users/airhead/Documents/workspace4/tube/lib/Cake/bootstrap.php(142): Configure::bootstrap(true)
#3 /Users/airhead/Documents/workspace4/tube/app/webroot/index.php(77): include('/Users/airhead/...')
#4 {main}
2012-05-18 16:36:33 Error: [CakeException] AclNode::node() - Couldn't find Aro node identified by "Array
(
    [Aro0.model] => Group
    [Aro0.foreign_key] => 1
)
"
#0 /Users/airhead/Documents/workspace4/tube/lib/Cake/Model/Behavior/AclBehavior.php(88): AclNode->node(Array)
#1 /Users/airhead/Documents/workspace4/tube/lib/Cake/Model/Behavior/AclBehavior.php(106): AclBehavior->node(Object(User), Array, 'Aro')
#2 [internal function]: AclBehavior->afterSave(Object(User), true, Array)
#3 /Users/airhead/Documents/workspace4/tube/lib/Cake/Utility/ObjectCollection.php(130): call_user_func_array(Array, Array)
#4 [internal function]: ObjectCollection->trigger(Object(CakeEvent))
#5 /Users/airhead/Documents/workspace4/tube/lib/Cake/Event/CakeEventManager.php(246): call_user_func(Array, Object(CakeEvent))
#6 /Users/airhead/Documents/workspace4/tube/lib/Cake/Model/Model.php(1730): CakeEventManager->dispatch(Object(CakeEvent))
#7 /Users/airhead/Documents/workspace4/tube/app/Controller/AppController.php(107): Model->save(Array)
#8 /Users/airhead/Documents/workspace4/tube/app/Controller/UsersController.php(18): AppController->add()
#9 [internal function]: UsersController->add()
#10 /Users/airhead/Documents/workspace4/tube/lib/Cake/Controller/Controller.php(485): ReflectionMethod->invokeArgs(Object(UsersController), Array)
#11 /Users/airhead/Documents/workspace4/tube/lib/Cake/Routing/Dispatcher.php(103): Controller->invokeAction(Object(CakeRequest))
#12 /Users/airhead/Documents/workspace4/tube/lib/Cake/Routing/Dispatcher.php(85): Dispatcher->_invoke(Object(UsersController), Object(CakeRequest), Object(CakeResponse))
#13 /Users/airhead/Documents/workspace4/tube/app/webroot/index.php(92): Dispatcher->dispatch(Object(CakeRequest), Object(CakeResponse))
#14 {main}
2012-05-18 16:38:34 Error: [CakeException] AclNode::node() - Couldn't find Aro node identified by "Array
(
    [Aro0.model] => Group
    [Aro0.foreign_key] => 1
)
"
#0 /Users/airhead/Documents/workspace4/tube/lib/Cake/Model/Behavior/AclBehavior.php(88): AclNode->node(Array)
#1 /Users/airhead/Documents/workspace4/tube/lib/Cake/Model/Behavior/AclBehavior.php(106): AclBehavior->node(Object(User), Array, 'Aro')
#2 [internal function]: AclBehavior->afterSave(Object(User), true, Array)
#3 /Users/airhead/Documents/workspace4/tube/lib/Cake/Utility/ObjectCollection.php(130): call_user_func_array(Array, Array)
#4 [internal function]: ObjectCollection->trigger(Object(CakeEvent))
#5 /Users/airhead/Documents/workspace4/tube/lib/Cake/Event/CakeEventManager.php(246): call_user_func(Array, Object(CakeEvent))
#6 /Users/airhead/Documents/workspace4/tube/lib/Cake/Model/Model.php(1730): CakeEventManager->dispatch(Object(CakeEvent))
#7 /Users/airhead/Documents/workspace4/tube/app/Controller/AppController.php(107): Model->save(Array)
#8 /Users/airhead/Documents/workspace4/tube/app/Controller/UsersController.php(18): AppController->add()
#9 [internal function]: UsersController->add()
#10 /Users/airhead/Documents/workspace4/tube/lib/Cake/Controller/Controller.php(485): ReflectionMethod->invokeArgs(Object(UsersController), Array)
#11 /Users/airhead/Documents/workspace4/tube/lib/Cake/Routing/Dispatcher.php(103): Controller->invokeAction(Object(CakeRequest))
#12 /Users/airhead/Documents/workspace4/tube/lib/Cake/Routing/Dispatcher.php(85): Dispatcher->_invoke(Object(UsersController), Object(CakeRequest), Object(CakeResponse))
#13 /Users/airhead/Documents/workspace4/tube/app/webroot/index.php(92): Dispatcher->dispatch(Object(CakeRequest), Object(CakeResponse))
#14 {main}
2012-05-18 16:50:59 Error: [CakeException] AclNode::node() - Couldn't find Aro node identified by "Array
(
    [Aro0.model] => Group
    [Aro0.foreign_key] => 1
)
"
#0 /Users/airhead/Documents/workspace4/tube/lib/Cake/Model/Behavior/AclBehavior.php(88): AclNode->node(Array)
#1 /Users/airhead/Documents/workspace4/tube/lib/Cake/Model/Behavior/AclBehavior.php(106): AclBehavior->node(Object(User), Array, 'Aro')
#2 [internal function]: AclBehavior->afterSave(Object(User), true, Array)
#3 /Users/airhead/Documents/workspace4/tube/lib/Cake/Utility/ObjectCollection.php(130): call_user_func_array(Array, Array)
#4 [internal function]: ObjectCollection->trigger(Object(CakeEvent))
#5 /Users/airhead/Documents/workspace4/tube/lib/Cake/Event/CakeEventManager.php(246): call_user_func(Array, Object(CakeEvent))
#6 /Users/airhead/Documents/workspace4/tube/lib/Cake/Model/Model.php(1730): CakeEventManager->dispatch(Object(CakeEvent))
#7 /Users/airhead/Documents/workspace4/tube/app/Controller/AppController.php(108): Model->save(Array)
#8 /Users/airhead/Documents/workspace4/tube/app/Controller/UsersController.php(18): AppController->add()
#9 [internal function]: UsersController->add()
#10 /Users/airhead/Documents/workspace4/tube/lib/Cake/Controller/Controller.php(485): ReflectionMethod->invokeArgs(Object(UsersController), Array)
#11 /Users/airhead/Documents/workspace4/tube/lib/Cake/Routing/Dispatcher.php(103): Controller->invokeAction(Object(CakeRequest))
#12 /Users/airhead/Documents/workspace4/tube/lib/Cake/Routing/Dispatcher.php(85): Dispatcher->_invoke(Object(UsersController), Object(CakeRequest), Object(CakeResponse))
#13 /Users/airhead/Documents/workspace4/tube/app/webroot/index.php(92): Dispatcher->dispatch(Object(CakeRequest), Object(CakeResponse))
#14 {main}
2012-05-19 03:58:50 Error: [CakeException] AclNode::node() - Couldn't find Aro node identified by "Array
(
    [Aro0.model] => Group
    [Aro0.foreign_key] => 1
)
"
#0 /Users/airhead/Documents/workspace4/tube/lib/Cake/Model/Behavior/AclBehavior.php(88): AclNode->node(Array)
#1 /Users/airhead/Documents/workspace4/tube/lib/Cake/Model/Behavior/AclBehavior.php(106): AclBehavior->node(Object(User), Array, 'Aro')
#2 [internal function]: AclBehavior->afterSave(Object(User), true, Array)
#3 /Users/airhead/Documents/workspace4/tube/lib/Cake/Utility/ObjectCollection.php(130): call_user_func_array(Array, Array)
#4 [internal function]: ObjectCollection->trigger(Object(CakeEvent))
#5 /Users/airhead/Documents/workspace4/tube/lib/Cake/Event/CakeEventManager.php(246): call_user_func(Array, Object(CakeEvent))
#6 /Users/airhead/Documents/workspace4/tube/lib/Cake/Model/Model.php(1730): CakeEventManager->dispatch(Object(CakeEvent))
#7 /Users/airhead/Documents/workspace4/tube/app/Controller/AppController.php(108): Model->save(Array)
#8 /Users/airhead/Documents/workspace4/tube/app/Controller/UsersController.php(19): AppController->add()
#9 [internal function]: UsersController->add()
#10 /Users/airhead/Documents/workspace4/tube/lib/Cake/Controller/Controller.php(485): ReflectionMethod->invokeArgs(Object(UsersController), Array)
#11 /Users/airhead/Documents/workspace4/tube/lib/Cake/Routing/Dispatcher.php(103): Controller->invokeAction(Object(CakeRequest))
#12 /Users/airhead/Documents/workspace4/tube/lib/Cake/Routing/Dispatcher.php(85): Dispatcher->_invoke(Object(UsersController), Object(CakeRequest), Object(CakeResponse))
#13 /Users/airhead/Documents/workspace4/tube/app/webroot/index.php(92): Dispatcher->dispatch(Object(CakeRequest), Object(CakeResponse))
#14 {main}
2012-05-19 04:03:34 Error: [BadRequestException] The request has been black-holed
#0 /Users/airhead/Documents/workspace4/tube/lib/Cake/Controller/Component/SecurityComponent.php(227): SecurityComponent->blackHole(Object(UsersController), 'csrf')
#1 [internal function]: SecurityComponent->startup(Object(UsersController))
#2 /Users/airhead/Documents/workspace4/tube/lib/Cake/Utility/ObjectCollection.php(130): call_user_func_array(Array, Array)
#3 [internal function]: ObjectCollection->trigger(Object(CakeEvent))
#4 /Users/airhead/Documents/workspace4/tube/lib/Cake/Event/CakeEventManager.php(246): call_user_func(Array, Object(CakeEvent))
#5 /Users/airhead/Documents/workspace4/tube/lib/Cake/Controller/Controller.php(671): CakeEventManager->dispatch(Object(CakeEvent))
#6 /Users/airhead/Documents/workspace4/tube/lib/Cake/Routing/Dispatcher.php(100): Controller->startupProcess()
#7 /Users/airhead/Documents/workspace4/tube/lib/Cake/Routing/Dispatcher.php(85): Dispatcher->_invoke(Object(UsersController), Object(CakeRequest), Object(CakeResponse))
#8 /Users/airhead/Documents/workspace4/tube/app/webroot/index.php(92): Dispatcher->dispatch(Object(CakeRequest), Object(CakeResponse))
#9 {main}
2012-05-19 04:06:13 Error: [BadRequestException] The request has been black-holed
#0 /Users/airhead/Documents/workspace4/tube/lib/Cake/Controller/Component/SecurityComponent.php(227): SecurityComponent->blackHole(Object(UsersController), 'csrf')
#1 [internal function]: SecurityComponent->startup(Object(UsersController))
#2 /Users/airhead/Documents/workspace4/tube/lib/Cake/Utility/ObjectCollection.php(130): call_user_func_array(Array, Array)
#3 [internal function]: ObjectCollection->trigger(Object(CakeEvent))
#4 /Users/airhead/Documents/workspace4/tube/lib/Cake/Event/CakeEventManager.php(246): call_user_func(Array, Object(CakeEvent))
#5 /Users/airhead/Documents/workspace4/tube/lib/Cake/Controller/Controller.php(671): CakeEventManager->dispatch(Object(CakeEvent))
#6 /Users/airhead/Documents/workspace4/tube/lib/Cake/Routing/Dispatcher.php(100): Controller->startupProcess()
#7 /Users/airhead/Documents/workspace4/tube/lib/Cake/Routing/Dispatcher.php(85): Dispatcher->_invoke(Object(UsersController), Object(CakeRequest), Object(CakeResponse))
#8 /Users/airhead/Documents/workspace4/tube/app/webroot/index.php(92): Dispatcher->dispatch(Object(CakeRequest), Object(CakeResponse))
#9 {main}
2012-05-19 04:07:23 Error: [CakeException] AclNode::node() - Couldn't find Aro node identified by "Array
(
    [Aro0.model] => Group
    [Aro0.foreign_key] => 1
)
"
#0 /Users/airhead/Documents/workspace4/tube/lib/Cake/Model/Behavior/AclBehavior.php(88): AclNode->node(Array)
#1 /Users/airhead/Documents/workspace4/tube/lib/Cake/Model/Behavior/AclBehavior.php(106): AclBehavior->node(Object(User), Array, 'Aro')
#2 [internal function]: AclBehavior->afterSave(Object(User), true, Array)
#3 /Users/airhead/Documents/workspace4/tube/lib/Cake/Utility/ObjectCollection.php(130): call_user_func_array(Array, Array)
#4 [internal function]: ObjectCollection->trigger(Object(CakeEvent))
#5 /Users/airhead/Documents/workspace4/tube/lib/Cake/Event/CakeEventManager.php(246): call_user_func(Array, Object(CakeEvent))
#6 /Users/airhead/Documents/workspace4/tube/lib/Cake/Model/Model.php(1730): CakeEventManager->dispatch(Object(CakeEvent))
#7 /Users/airhead/Documents/workspace4/tube/app/Controller/AppController.php(108): Model->save(Array)
#8 /Users/airhead/Documents/workspace4/tube/app/Controller/UsersController.php(19): AppController->add()
#9 [internal function]: UsersController->add()
#10 /Users/airhead/Documents/workspace4/tube/lib/Cake/Controller/Controller.php(485): ReflectionMethod->invokeArgs(Object(UsersController), Array)
#11 /Users/airhead/Documents/workspace4/tube/lib/Cake/Routing/Dispatcher.php(103): Controller->invokeAction(Object(CakeRequest))
#12 /Users/airhead/Documents/workspace4/tube/lib/Cake/Routing/Dispatcher.php(85): Dispatcher->_invoke(Object(UsersController), Object(CakeRequest), Object(CakeResponse))
#13 /Users/airhead/Documents/workspace4/tube/app/webroot/index.php(92): Dispatcher->dispatch(Object(CakeRequest), Object(CakeResponse))
#14 {main}
2012-05-19 15:10:31 Error: [BadRequestException] The request has been black-holed
#0 /Users/airhead/Documents/workspace4/tube/lib/Cake/Controller/Component/SecurityComponent.php(227): SecurityComponent->blackHole(Object(UsersController), 'csrf')
#1 [internal function]: SecurityComponent->startup(Object(UsersController))
#2 /Users/airhead/Documents/workspace4/tube/lib/Cake/Utility/ObjectCollection.php(130): call_user_func_array(Array, Array)
#3 [internal function]: ObjectCollection->trigger(Object(CakeEvent))
#4 /Users/airhead/Documents/workspace4/tube/lib/Cake/Event/CakeEventManager.php(246): call_user_func(Array, Object(CakeEvent))
#5 /Users/airhead/Documents/workspace4/tube/lib/Cake/Controller/Controller.php(671): CakeEventManager->dispatch(Object(CakeEvent))
#6 /Users/airhead/Documents/workspace4/tube/lib/Cake/Routing/Dispatcher.php(100): Controller->startupProcess()
#7 /Users/airhead/Documents/workspace4/tube/lib/Cake/Routing/Dispatcher.php(85): Dispatcher->_invoke(Object(UsersController), Object(CakeRequest), Object(CakeResponse))
#8 /Users/airhead/Documents/workspace4/tube/app/webroot/index.php(92): Dispatcher->dispatch(Object(CakeRequest), Object(CakeResponse))
#9 {main}
2012-05-19 15:11:35 Error: [MissingControllerException] Controller class WigetsController could not be found.
#0 /Users/airhead/Documents/workspace4/tube/app/webroot/index.php(92): Dispatcher->dispatch(Object(CakeRequest), Object(CakeResponse))
#1 {main}
2012-05-19 15:32:57 Error: [CakeException] Authorization adapter "actionPath" was not found.
#0 /Users/airhead/Documents/workspace4/tube/lib/Cake/Controller/Component/AuthComponent.php(380): AuthComponent->constructAuthorize()
#1 /Users/airhead/Documents/workspace4/tube/lib/Cake/Controller/Component/AuthComponent.php(330): AuthComponent->isAuthorized(Array)
#2 [internal function]: AuthComponent->startup(Object(UsersController))
#3 /Users/airhead/Documents/workspace4/tube/lib/Cake/Utility/ObjectCollection.php(130): call_user_func_array(Array, Array)
#4 [internal function]: ObjectCollection->trigger(Object(CakeEvent))
#5 /Users/airhead/Documents/workspace4/tube/lib/Cake/Event/CakeEventManager.php(246): call_user_func(Array, Object(CakeEvent))
#6 /Users/airhead/Documents/workspace4/tube/lib/Cake/Controller/Controller.php(671): CakeEventManager->dispatch(Object(CakeEvent))
#7 /Users/airhead/Documents/workspace4/tube/lib/Cake/Routing/Dispatcher.php(100): Controller->startupProcess()
#8 /Users/airhead/Documents/workspace4/tube/lib/Cake/Routing/Dispatcher.php(85): Dispatcher->_invoke(Object(UsersController), Object(CakeRequest), Object(CakeResponse))
#9 /Users/airhead/Documents/workspace4/tube/app/webroot/index.php(92): Dispatcher->dispatch(Object(CakeRequest), Object(CakeResponse))
#10 {main}
2012-05-19 15:34:16 Error: [CakeException] Authorization adapter "actionPath" was not found.
#0 /Users/airhead/Documents/workspace4/tube/lib/Cake/Controller/Component/AuthComponent.php(380): AuthComponent->constructAuthorize()
#1 /Users/airhead/Documents/workspace4/tube/lib/Cake/Controller/Component/AuthComponent.php(330): AuthComponent->isAuthorized(Array)
#2 [internal function]: AuthComponent->startup(Object(UsersController))
#3 /Users/airhead/Documents/workspace4/tube/lib/Cake/Utility/ObjectCollection.php(130): call_user_func_array(Array, Array)
#4 [internal function]: ObjectCollection->trigger(Object(CakeEvent))
#5 /Users/airhead/Documents/workspace4/tube/lib/Cake/Event/CakeEventManager.php(246): call_user_func(Array, Object(CakeEvent))
#6 /Users/airhead/Documents/workspace4/tube/lib/Cake/Controller/Controller.php(671): CakeEventManager->dispatch(Object(CakeEvent))
#7 /Users/airhead/Documents/workspace4/tube/lib/Cake/Routing/Dispatcher.php(100): Controller->startupProcess()
#8 /Users/airhead/Documents/workspace4/tube/lib/Cake/Routing/Dispatcher.php(85): Dispatcher->_invoke(Object(UsersController), Object(CakeRequest), Object(CakeResponse))
#9 /Users/airhead/Documents/workspace4/tube/app/webroot/index.php(92): Dispatcher->dispatch(Object(CakeRequest), Object(CakeResponse))
#10 {main}
2012-05-19 15:34:17 Error: [CakeException] Authorization adapter "actionPath" was not found.
#0 /Users/airhead/Documents/workspace4/tube/lib/Cake/Controller/Component/AuthComponent.php(380): AuthComponent->constructAuthorize()
#1 /Users/airhead/Documents/workspace4/tube/lib/Cake/Controller/Component/AuthComponent.php(330): AuthComponent->isAuthorized(Array)
#2 [internal function]: AuthComponent->startup(Object(UsersController))
#3 /Users/airhead/Documents/workspace4/tube/lib/Cake/Utility/ObjectCollection.php(130): call_user_func_array(Array, Array)
#4 [internal function]: ObjectCollection->trigger(Object(CakeEvent))
#5 /Users/airhead/Documents/workspace4/tube/lib/Cake/Event/CakeEventManager.php(246): call_user_func(Array, Object(CakeEvent))
#6 /Users/airhead/Documents/workspace4/tube/lib/Cake/Controller/Controller.php(671): CakeEventManager->dispatch(Object(CakeEvent))
#7 /Users/airhead/Documents/workspace4/tube/lib/Cake/Routing/Dispatcher.php(100): Controller->startupProcess()
#8 /Users/airhead/Documents/workspace4/tube/lib/Cake/Routing/Dispatcher.php(85): Dispatcher->_invoke(Object(UsersController), Object(CakeRequest), Object(CakeResponse))
#9 /Users/airhead/Documents/workspace4/tube/app/webroot/index.php(92): Dispatcher->dispatch(Object(CakeRequest), Object(CakeResponse))
#10 {main}
2012-05-19 15:34:23 Error: [CakeException] Authorization adapter "actionPath" was not found.
#0 /Users/airhead/Documents/workspace4/tube/lib/Cake/Controller/Component/AuthComponent.php(380): AuthComponent->constructAuthorize()
#1 /Users/airhead/Documents/workspace4/tube/lib/Cake/Controller/Component/AuthComponent.php(330): AuthComponent->isAuthorized(Array)
#2 [internal function]: AuthComponent->startup(Object(PagesController))
#3 /Users/airhead/Documents/workspace4/tube/lib/Cake/Utility/ObjectCollection.php(130): call_user_func_array(Array, Array)
#4 [internal function]: ObjectCollection->trigger(Object(CakeEvent))
#5 /Users/airhead/Documents/workspace4/tube/lib/Cake/Event/CakeEventManager.php(246): call_user_func(Array, Object(CakeEvent))
#6 /Users/airhead/Documents/workspace4/tube/lib/Cake/Controller/Controller.php(671): CakeEventManager->dispatch(Object(CakeEvent))
#7 /Users/airhead/Documents/workspace4/tube/lib/Cake/Routing/Dispatcher.php(100): Controller->startupProcess()
#8 /Users/airhead/Documents/workspace4/tube/lib/Cake/Routing/Dispatcher.php(85): Dispatcher->_invoke(Object(PagesController), Object(CakeRequest), Object(CakeResponse))
#9 /Users/airhead/Documents/workspace4/tube/app/webroot/index.php(92): Dispatcher->dispatch(Object(CakeRequest), Object(CakeResponse))
#10 {main}
2012-05-19 15:42:02 Error: [MissingControllerException] Controller class UsesController could not be found.
#0 /Users/airhead/Documents/workspace4/tube/app/webroot/index.php(92): Dispatcher->dispatch(Object(CakeRequest), Object(CakeResponse))
#1 {main}
2012-05-19 15:42:07 Error: [CakeException] Authorization adapter "actionPath" was not found.
#0 /Users/airhead/Documents/workspace4/tube/lib/Cake/Controller/Component/AuthComponent.php(380): AuthComponent->constructAuthorize()
#1 /Users/airhead/Documents/workspace4/tube/lib/Cake/Controller/Component/AuthComponent.php(330): AuthComponent->isAuthorized(Array)
#2 [internal function]: AuthComponent->startup(Object(UsersController))
#3 /Users/airhead/Documents/workspace4/tube/lib/Cake/Utility/ObjectCollection.php(130): call_user_func_array(Array, Array)
#4 [internal function]: ObjectCollection->trigger(Object(CakeEvent))
#5 /Users/airhead/Documents/workspace4/tube/lib/Cake/Event/CakeEventManager.php(246): call_user_func(Array, Object(CakeEvent))
#6 /Users/airhead/Documents/workspace4/tube/lib/Cake/Controller/Controller.php(671): CakeEventManager->dispatch(Object(CakeEvent))
#7 /Users/airhead/Documents/workspace4/tube/lib/Cake/Routing/Dispatcher.php(100): Controller->startupProcess()
#8 /Users/airhead/Documents/workspace4/tube/lib/Cake/Routing/Dispatcher.php(85): Dispatcher->_invoke(Object(UsersController), Object(CakeRequest), Object(CakeResponse))
#9 /Users/airhead/Documents/workspace4/tube/app/webroot/index.php(92): Dispatcher->dispatch(Object(CakeRequest), Object(CakeResponse))
#10 {main}
2012-05-19 15:42:59 Error: [CakeException] Authorization adapter "actionPath" was not found.
#0 /Users/airhead/Documents/workspace4/tube/lib/Cake/Controller/Component/AuthComponent.php(380): AuthComponent->constructAuthorize()
#1 /Users/airhead/Documents/workspace4/tube/lib/Cake/Controller/Component/AuthComponent.php(330): AuthComponent->isAuthorized(Array)
#2 [internal function]: AuthComponent->startup(Object(UsersController))
#3 /Users/airhead/Documents/workspace4/tube/lib/Cake/Utility/ObjectCollection.php(130): call_user_func_array(Array, Array)
#4 [internal function]: ObjectCollection->trigger(Object(CakeEvent))
#5 /Users/airhead/Documents/workspace4/tube/lib/Cake/Event/CakeEventManager.php(246): call_user_func(Array, Object(CakeEvent))
#6 /Users/airhead/Documents/workspace4/tube/lib/Cake/Controller/Controller.php(671): CakeEventManager->dispatch(Object(CakeEvent))
#7 /Users/airhead/Documents/workspace4/tube/lib/Cake/Routing/Dispatcher.php(100): Controller->startupProcess()
#8 /Users/airhead/Documents/workspace4/tube/lib/Cake/Routing/Dispatcher.php(85): Dispatcher->_invoke(Object(UsersController), Object(CakeRequest), Object(CakeResponse))
#9 /Users/airhead/Documents/workspace4/tube/app/webroot/index.php(92): Dispatcher->dispatch(Object(CakeRequest), Object(CakeResponse))
#10 {main}
2012-05-19 16:10:05 Error: [CakeException] Authorization adapter "actionPath" was not found.
#0 /Users/airhead/Documents/workspace4/tube/lib/Cake/Controller/Component/AuthComponent.php(380): AuthComponent->constructAuthorize()
#1 /Users/airhead/Documents/workspace4/tube/lib/Cake/Controller/Component/AuthComponent.php(330): AuthComponent->isAuthorized(Array)
#2 [internal function]: AuthComponent->startup(Object(UsersController))
#3 /Users/airhead/Documents/workspace4/tube/lib/Cake/Utility/ObjectCollection.php(130): call_user_func_array(Array, Array)
#4 [internal function]: ObjectCollection->trigger(Object(CakeEvent))
#5 /Users/airhead/Documents/workspace4/tube/lib/Cake/Event/CakeEventManager.php(246): call_user_func(Array, Object(CakeEvent))
#6 /Users/airhead/Documents/workspace4/tube/lib/Cake/Controller/Controller.php(671): CakeEventManager->dispatch(Object(CakeEvent))
#7 /Users/airhead/Documents/workspace4/tube/lib/Cake/Routing/Dispatcher.php(100): Controller->startupProcess()
#8 /Users/airhead/Documents/workspace4/tube/lib/Cake/Routing/Dispatcher.php(85): Dispatcher->_invoke(Object(UsersController), Object(CakeRequest), Object(CakeResponse))
#9 /Users/airhead/Documents/workspace4/tube/app/webroot/index.php(92): Dispatcher->dispatch(Object(CakeRequest), Object(CakeResponse))
#10 {main}
2012-05-19 16:19:38 Error: [CakeException] Authorization adapter "actionPath" was not found.
#0 /Users/airhead/Documents/workspace4/tube/lib/Cake/Controller/Component/AuthComponent.php(380): AuthComponent->constructAuthorize()
#1 /Users/airhead/Documents/workspace4/tube/lib/Cake/Controller/Component/AuthComponent.php(330): AuthComponent->isAuthorized(Array)
#2 [internal function]: AuthComponent->startup(Object(UsersController))
#3 /Users/airhead/Documents/workspace4/tube/lib/Cake/Utility/ObjectCollection.php(130): call_user_func_array(Array, Array)
#4 [internal function]: ObjectCollection->trigger(Object(CakeEvent))
#5 /Users/airhead/Documents/workspace4/tube/lib/Cake/Event/CakeEventManager.php(246): call_user_func(Array, Object(CakeEvent))
#6 /Users/airhead/Documents/workspace4/tube/lib/Cake/Controller/Controller.php(671): CakeEventManager->dispatch(Object(CakeEvent))
#7 /Users/airhead/Documents/workspace4/tube/lib/Cake/Routing/Dispatcher.php(100): Controller->startupProcess()
#8 /Users/airhead/Documents/workspace4/tube/lib/Cake/Routing/Dispatcher.php(85): Dispatcher->_invoke(Object(UsersController), Object(CakeRequest), Object(CakeResponse))
#9 /Users/airhead/Documents/workspace4/tube/app/webroot/index.php(92): Dispatcher->dispatch(Object(CakeRequest), Object(CakeResponse))
#10 {main}
2012-05-19 16:30:44 Error: [CakeException] Authorization adapter "actionPath" was not found.
#0 /Users/airhead/Documents/workspace4/tube/lib/Cake/Controller/Component/AuthComponent.php(380): AuthComponent->constructAuthorize()
#1 /Users/airhead/Documents/workspace4/tube/lib/Cake/Controller/Component/AuthComponent.php(330): AuthComponent->isAuthorized(Array)
#2 [internal function]: AuthComponent->startup(Object(AcosController))
#3 /Users/airhead/Documents/workspace4/tube/lib/Cake/Utility/ObjectCollection.php(130): call_user_func_array(Array, Array)
#4 [internal function]: ObjectCollection->trigger(Object(CakeEvent))
#5 /Users/airhead/Documents/workspace4/tube/lib/Cake/Event/CakeEventManager.php(246): call_user_func(Array, Object(CakeEvent))
#6 /Users/airhead/Documents/workspace4/tube/lib/Cake/Controller/Controller.php(671): CakeEventManager->dispatch(Object(CakeEvent))
#7 /Users/airhead/Documents/workspace4/tube/lib/Cake/Routing/Dispatcher.php(100): Controller->startupProcess()
#8 /Users/airhead/Documents/workspace4/tube/lib/Cake/Routing/Dispatcher.php(85): Dispatcher->_invoke(Object(AcosController), Object(CakeRequest), Object(CakeResponse))
#9 /Users/airhead/Documents/workspace4/tube/app/webroot/index.php(92): Dispatcher->dispatch(Object(CakeRequest), Object(CakeResponse))
#10 {main}
2012-05-19 16:32:32 Error: [CakeException] Authorization adapter "actionPath" was not found.
#0 /Users/airhead/Documents/workspace4/tube/lib/Cake/Controller/Component/AuthComponent.php(380): AuthComponent->constructAuthorize()
#1 /Users/airhead/Documents/workspace4/tube/lib/Cake/Controller/Component/AuthComponent.php(330): AuthComponent->isAuthorized(Array)
#2 [internal function]: AuthComponent->startup(Object(AcosController))
#3 /Users/airhead/Documents/workspace4/tube/lib/Cake/Utility/ObjectCollection.php(130): call_user_func_array(Array, Array)
#4 [internal function]: ObjectCollection->trigger(Object(CakeEvent))
#5 /Users/airhead/Documents/workspace4/tube/lib/Cake/Event/CakeEventManager.php(246): call_user_func(Array, Object(CakeEvent))
#6 /Users/airhead/Documents/workspace4/tube/lib/Cake/Controller/Controller.php(671): CakeEventManager->dispatch(Object(CakeEvent))
#7 /Users/airhead/Documents/workspace4/tube/lib/Cake/Routing/Dispatcher.php(100): Controller->startupProcess()
#8 /Users/airhead/Documents/workspace4/tube/lib/Cake/Routing/Dispatcher.php(85): Dispatcher->_invoke(Object(AcosController), Object(CakeRequest), Object(CakeResponse))
#9 /Users/airhead/Documents/workspace4/tube/app/webroot/index.php(92): Dispatcher->dispatch(Object(CakeRequest), Object(CakeResponse))
#10 {main}
2012-05-19 16:40:07 Error: [MissingViewException] View file "/Users/airhead/Documents/workspace4/tube/app/View/Users/logout.ctp" is missing.
#0 /Users/airhead/Documents/workspace4/tube/lib/Cake/View/View.php(460): View->_getViewFileName(NULL)
#1 /Users/airhead/Documents/workspace4/tube/lib/Cake/Controller/Controller.php(959): View->render(NULL, NULL)
#2 /Users/airhead/Documents/workspace4/tube/lib/Cake/Routing/Dispatcher.php(110): Controller->render()
#3 /Users/airhead/Documents/workspace4/tube/lib/Cake/Routing/Dispatcher.php(85): Dispatcher->_invoke(Object(UsersController), Object(CakeRequest), Object(CakeResponse))
#4 /Users/airhead/Documents/workspace4/tube/app/webroot/index.php(92): Dispatcher->dispatch(Object(CakeRequest), Object(CakeResponse))
#5 {main}
